<?xml version="1.0" encoding="UTF-8"?>
<!-- Generated by org.testng.reporters.JUnitReportReporter -->
<testsuite hostname="Jarvis-2.local" failures="0" tests="2" name="myPersonalFramework.tests.submitOrderTest" time="94.698" errors="0" timestamp="2025-04-14T13:49:59 IST" skipped="0">
  <testcase classname="myPersonalFramework.tests.submitOrderTest" name="OrderHistoryTest" time="45.781"/>
  <testcase classname="myPersonalFramework.tests.submitOrderTest" name="submitOrderTest" time="48.917"/>
</testsuite> <!-- myPersonalFramework.tests.submitOrderTest -->
