<?xml version="1.0" encoding="UTF-8"?>
<!-- Generated by org.testng.reporters.JUnitReportReporter -->
<testsuite hostname="Jarvis-2.local" failures="0" tests="1" name="myPersonalFramework.tests.ErrorValidationsTest" time="16.083" errors="0" timestamp="2025-04-14T14:20:01 IST" skipped="0">
  <testcase classname="myPersonalFramework.tests.ErrorValidationsTest" name="LoginErrorValidation" time="16.083"/>
</testsuite> <!-- myPersonalFramework.tests.ErrorValidationsTest -->
