<?xml version="1.0" encoding="UTF-8"?>
<!-- Generated by org.testng.reporters.JUnitReportReporter -->
<testsuite hostname="Jarvis-2.local" failures="0" tests="2" name="myPersonalFramework.tests.submitOrderTest" time="91.973" errors="0" timestamp="2025-04-16T00:07:42 IST" skipped="0">
  <testcase classname="myPersonalFramework.tests.submitOrderTest" name="submitOrder" time="47.440"/>
  <testcase classname="myPersonalFramework.tests.submitOrderTest" name="submitOrder" time="44.533"/>
</testsuite> <!-- myPersonalFramework.tests.submitOrderTest -->
