<?xml version="1.0" encoding="UTF-8"?>
<!-- Generated by org.testng.reporters.JUnitReportReporter -->
<testsuite hostname="Jarvis-2.local" failures="0" tests="1" name="myPersonalFramework.tests.ErrorValidations" time="18.250" errors="0" timestamp="2025-04-14T01:25:57 IST" skipped="0">
  <testcase classname="myPersonalFramework.tests.ErrorValidations" name="sumbitOrder" time="18.250"/>
</testsuite> <!-- myPersonalFramework.tests.ErrorValidations -->
